d:\workspace\forestengine\forestengine\forestengine\x64\debug\vc143_tmp.pdb
d:\workspace\forestengine\forestengine\forestengine\x64\debug\vc143_tmp.idb
d:\workspace\forestengine\forestengine\forestengine\x64\debug\vanseditorwindow.obj
d:\workspace\forestengine\forestengine\forestengine\x64\debug\vansconfigration.obj
d:\workspace\forestengine\forestengine\forestengine\x64\debug\spirv_reflect.obj
d:\workspace\forestengine\forestengine\forestengine\x64\debug\spirv_parser.obj
d:\workspace\forestengine\forestengine\forestengine\x64\debug\spirv_msl.obj
d:\workspace\forestengine\forestengine\forestengine\x64\debug\spirv_hlsl.obj
d:\workspace\forestengine\forestengine\forestengine\x64\debug\spirv_glsl.obj
d:\workspace\forestengine\forestengine\forestengine\x64\debug\spirv_cross_util.obj
d:\workspace\forestengine\forestengine\forestengine\x64\debug\spirv_cross_parsed_ir.obj
d:\workspace\forestengine\forestengine\forestengine\x64\debug\spirv_cross_c.obj
d:\workspace\forestengine\forestengine\forestengine\x64\debug\spirv_cross.obj
d:\workspace\forestengine\forestengine\forestengine\x64\debug\spirv_cpp.obj
d:\workspace\forestengine\forestengine\forestengine\x64\debug\spirv_cfg.obj
d:\workspace\forestengine\forestengine\forestengine\x64\debug\imgui_widgets.obj
d:\workspace\forestengine\forestengine\forestengine\x64\debug\imgui_tables.obj
d:\workspace\forestengine\forestengine\forestengine\x64\debug\imgui_draw.obj
d:\workspace\forestengine\forestengine\forestengine\x64\debug\imgui_demo.obj
d:\workspace\forestengine\forestengine\forestengine\x64\debug\imgui.obj
d:\workspace\forestengine\forestengine\forestengine\x64\debug\imgui_impl_vulkan.obj
d:\workspace\forestengine\forestengine\forestengine\x64\debug\imgui_impl_glfw.obj
d:\workspace\forestengine\forestengine\forestengine\x64\debug\vansvkdevice.obj
d:\workspace\forestengine\forestengine\forestengine\x64\debug\vansvkcommandbuffer.obj
d:\workspace\forestengine\forestengine\forestengine\x64\debug\vansvkbuffer.obj
d:\workspace\forestengine\forestengine\forestengine\x64\debug\vansrenderpass.obj
d:\workspace\forestengine\forestengine\forestengine\x64\debug\vansvkdescriptormanager.obj
d:\workspace\forestengine\forestengine\forestengine\x64\debug\vanstexture.obj
d:\workspace\forestengine\forestengine\forestengine\x64\debug\vansshader.obj
d:\workspace\forestengine\forestengine\forestengine\x64\debug\vanspipeline.obj
d:\workspace\forestengine\forestengine\forestengine\x64\debug\vansmesh.obj
d:\workspace\forestengine\forestengine\forestengine\x64\debug\vansguivulkanbackend.obj
d:\workspace\forestengine\forestengine\forestengine\x64\debug\vanstransform.obj
d:\workspace\forestengine\forestengine\forestengine\x64\debug\vansscene.obj
d:\workspace\forestengine\forestengine\forestengine\x64\debug\vansrendernode.obj
d:\workspace\forestengine\forestengine\forestengine\x64\debug\vansmaterial.obj
d:\workspace\forestengine\forestengine\forestengine\x64\debug\vansgraphicsdevice.obj
d:\workspace\forestengine\forestengine\forestengine\x64\debug\vanscamera.obj
d:\workspace\forestengine\forestengine\forestengine\x64\debug\vansraytracing.obj
d:\workspace\forestengine\forestengine\forestengine\x64\debug\vanslight.obj
d:\workspace\forestengine\forestengine\forestengine\x64\debug\vanslightwindow.obj
d:\workspace\forestengine\forestengine\forestengine\x64\debug\vanshierachywindow.obj
d:\workspace\forestengine\forestengine\forestengine\x64\debug\vansvkfunctions.obj
d:\workspace\forestengine\forestengine\forestengine\x64\debug\forestengineentry.obj
d:\workspace\forestengine\forestengine\forestengine\x64\debug\vanstimer.obj
d:\workspace\forestengine\forestengine\forestengine\x64\debug\vansscriptcontext.obj
d:\workspace\forestengine\forestengine\forestengine\x64\debug\vansvksurface.obj
d:\workspace\forestengine\forestengine\forestengine\x64\debug\vansvksampler.obj
d:\workspace\forestengine\forestengine\forestengine\x64\debug\vansvkmemorymanager.obj
d:\workspace\forestengine\forestengine\forestengine\x64\debug\vansvkimage.obj
d:\workspace\forestengine\forestengine\forestengine\x64\debug\ffx_provider_fsr2.obj
d:\workspace\forestengine\forestengine\forestengine\x64\debug\ffx_provider_framegeneration.obj
d:\workspace\forestengine\forestengine\forestengine\x64\debug\ffx_provider.obj
d:\workspace\forestengine\forestengine\forestengine\x64\debug\ffx_api.obj
d:\workspace\forestengine\forestengine\forestengine\x64\debug\vansfsr.obj
d:\workspace\forestengine\forestengine\x64\debug\forestengine.exe
d:\workspace\forestengine\forestengine\x64\debug\forestengine.pdb
d:\workspace\forestengine\forestengine\x64\debug\forestengine.lib
d:\workspace\forestengine\forestengine\x64\debug\forestengine.exp
d:\workspace\forestengine\forestengine\forestengine\x64\debug\forestengine.ilk
d:\workspace\forestengine\forestengine\forestengine\x64\debug\backends.obj
d:\workspace\forestengine\forestengine\forestengine\x64\debug\ffx_assert.obj
d:\workspace\forestengine\forestengine\forestengine\x64\debug\ffx_breadcrumbs_list.obj
d:\workspace\forestengine\forestengine\forestengine\x64\debug\ffx_fsr3upscaler.obj
d:\workspace\forestengine\forestengine\forestengine\x64\debug\ffx_message.obj
d:\workspace\forestengine\forestengine\forestengine\x64\debug\ffx_object_management.obj
d:\workspace\forestengine\forestengine\forestengine\x64\debug\ffx_provider_fsr3upscale.obj
d:\workspace\forestengine\forestengine\forestengine\x64\debug\validation.obj
d:\workspace\forestengine\forestengine\forestengine\x64\debug\forestengine.tlog\cl.command.1.tlog
d:\workspace\forestengine\forestengine\forestengine\x64\debug\forestengine.tlog\cl.items.tlog
d:\workspace\forestengine\forestengine\forestengine\x64\debug\forestengine.tlog\cl.read.1.tlog
d:\workspace\forestengine\forestengine\forestengine\x64\debug\forestengine.tlog\cl.write.1.tlog
d:\workspace\forestengine\forestengine\forestengine\x64\debug\forestengine.tlog\link.command.1.tlog
d:\workspace\forestengine\forestengine\forestengine\x64\debug\forestengine.tlog\link.read.1.tlog
d:\workspace\forestengine\forestengine\forestengine\x64\debug\forestengine.tlog\link.secondary.1.tlog
d:\workspace\forestengine\forestengine\forestengine\x64\debug\forestengine.tlog\link.write.1.tlog
